<?xml version="1.0" encoding="UTF-8"?>
<robot generator="Robot 7.4.2 (Python 3.13.13 on win32)" generated="2026-05-17T16:56:34.070950" rpa="false" schemaversion="5">
<suite id="s1" name="Bug Bank Robot Python" source="C:\Portfolio Projects\bug_bank_robot_python">
<suite id="s1-s1" name="Tests" source="C:\Portfolio Projects\bug_bank_robot_python\tests">
<suite id="s1-s1-s1" name="Cadastro" source="C:\Portfolio Projects\bug_bank_robot_python\tests\cadastro.robot">
<test id="s1-s1-s1-t1" name="Realizar Primeiro Cadastro" line="18">
<kw name="Open Browser" owner="SeleniumLibrary">
<msg time="2026-05-17T16:56:34.422655" level="INFO">Opening browser 'chrome' to base url 'https://bugbank.netlify.app/'.</msg>
<arg>${URL}</arg>
<arg>${BROWSER}</arg>
<doc>Opens a new browser instance to the optional ``url``.</doc>
<status status="PASS" start="2026-05-17T16:56:34.422061" elapsed="2.625215"/>
</kw>
<kw name="Maximize Browser Window" owner="SeleniumLibrary">
<doc>Maximizes current browser window.</doc>
<status status="PASS" start="2026-05-17T16:56:37.048161" elapsed="0.033578"/>
</kw>
<kw name="Click Button" owner="SeleniumLibrary">
<msg time="2026-05-17T16:56:37.084204" level="INFO">Clicking button 'xpath=//button[contains(.,'Registrar')]'.</msg>
<arg>${BTN_REGISTRAR}</arg>
<doc>Clicks the button identified by ``locator``.</doc>
<status status="PASS" start="2026-05-17T16:56:37.082356" elapsed="0.118694"/>
</kw>
<kw name="Input Text" owner="SeleniumLibrary">
<msg time="2026-05-17T16:56:37.203052" level="INFO">Typing text 'teste.robot@email.com' into text field 'xpath=(//input[@type='email'])[2]'.</msg>
<arg>${INPUT_EMAIL}</arg>
<arg>teste.robot@email.com</arg>
<doc>Types the given ``text`` into the text field identified by ``locator``.</doc>
<status status="PASS" start="2026-05-17T16:56:37.201873" elapsed="0.167753"/>
</kw>
<kw name="Input Text" owner="SeleniumLibrary">
<msg time="2026-05-17T16:56:37.371705" level="INFO">Typing text 'Usuario Robot' into text field 'xpath=//input[@name='name']'.</msg>
<arg>${INPUT_NOME}</arg>
<arg>Usuario Robot</arg>
<doc>Types the given ``text`` into the text field identified by ``locator``.</doc>
<status status="PASS" start="2026-05-17T16:56:37.370536" elapsed="0.110379"/>
</kw>
<kw name="Input Password" owner="SeleniumLibrary">
<msg time="2026-05-17T16:56:37.482775" level="INFO">Typing password into text field 'xpath=(//input[@name='password'])[2]'.</msg>
<msg time="2026-05-17T16:56:37.532497" level="INFO">Temporally setting log level to: NONE</msg>
<arg>${INPUT_PASSWORD}</arg>
<arg>123456</arg>
<doc>Types the given password into the text field identified by ``locator``.</doc>
<status status="PASS" start="2026-05-17T16:56:37.481753" elapsed="0.107629"/>
</kw>
<kw name="Input Password" owner="SeleniumLibrary">
<msg time="2026-05-17T16:56:37.591787" level="INFO">Typing password into text field 'xpath=//input[@name='passwordConfirmation']'.</msg>
<msg time="2026-05-17T16:56:37.647732" level="INFO">Temporally setting log level to: NONE</msg>
<arg>${INPUT_CONFIRM_PASSWORD}</arg>
<arg>123456</arg>
<doc>Types the given password into the text field identified by ``locator``.</doc>
<status status="PASS" start="2026-05-17T16:56:37.590352" elapsed="0.113868"/>
</kw>
<kw name="Wait Until Element Is Visible" owner="SeleniumLibrary">
<arg>${BTN_CADASTRAR}</arg>
<arg>10s</arg>
<doc>Waits until the element ``locator`` is visible.</doc>
<status status="PASS" start="2026-05-17T16:56:37.705010" elapsed="0.044022"/>
</kw>
<kw name="Wait Until Element Is Enabled" owner="SeleniumLibrary">
<arg>${BTN_CADASTRAR}</arg>
<arg>10s</arg>
<doc>Waits until the element ``locator`` is enabled.</doc>
<status status="PASS" start="2026-05-17T16:56:37.749965" elapsed="0.033576"/>
</kw>
<kw name="Scroll Element Into View" owner="SeleniumLibrary">
<arg>${BTN_CADASTRAR}</arg>
<doc>Scrolls the element identified by ``locator`` into view.</doc>
<status status="PASS" start="2026-05-17T16:56:37.784282" elapsed="0.276868"/>
</kw>
<kw name="Click Element" owner="SeleniumLibrary">
<msg time="2026-05-17T16:56:38.062283" level="INFO">Clicking element 'xpath=//button[@type='submit' and contains(.,'Cadastrar')]'.</msg>
<arg>${BTN_CADASTRAR}</arg>
<doc>Click the element identified by ``locator``.</doc>
<status status="PASS" start="2026-05-17T16:56:38.061617" elapsed="0.087474"/>
</kw>
<kw name="Click Button" owner="SeleniumLibrary">
<msg time="2026-05-17T16:56:38.151096" level="INFO">Clicking button 'xpath=//button[@type='submit' and contains(.,'Cadastrar')]'.</msg>
<msg time="2026-05-17T16:56:39.432874" level="INFO" html="true">&lt;/td&gt;&lt;/tr&gt;&lt;tr&gt;&lt;td colspan="3"&gt;&lt;a href="selenium-screenshot-2.png"&gt;&lt;img src="selenium-screenshot-2.png" width="800px"&gt;&lt;/a&gt;</msg>
<msg time="2026-05-17T16:56:39.433313" level="FAIL">ElementClickInterceptedException: Message: element click intercepted: Element is not clickable at point (921, 590)
  (Session info: chrome=148.0.7778.167); For documentation on this error, please visit: https://www.selenium.dev/documentation/webdriver/troubleshooting/errors#elementclickinterceptedexception
Stacktrace:
	chromedriver!GetHandleVerifier [0x7ff6fc941e35+2e8d45]
	chromedriver!GetHandleVerifier [0x7ff6fc66e6c0+155d0]
	chromedriver!(No symbol) [0x7ff6fc3bd57d]
	chromedriver!(No symbol) [0x7ff6fc41f205]
	chromedriver!(No symbol) [0x7ff6fc41ce1a]
	chromedriver!(No symbol) [0x7ff6fc41a167]
	chromedriver!(No symbol) [0x7ff6fc419017]
	chromedriver!(No symbol) [0x7ff6fc40bc46]
	chromedriver!(No symbol) [0x7ff6fc43fe6a]
	chromedriver!(No symbol) [0x7ff6fc40b4c6]
	chromedriver!(No symbol) [0x7ff6fc464c63]
	chromedriver!(No symbol) [0x7ff6fc409d58]
	chromedriver!(No symbol) [0x7ff6fc40ac43]
	chromedriver!GetHandleVerifier [0x7ff6fc96dab9+3149c9]
	chromedriver!GetHandleVerifier [0x7ff6fc96802b+30ef3b]
	chromedriver!GetHandleVerifier [0x7ff6fc98c872+333782]
	chromedriver!GetHandleVerifier [0x7ff6fc68b785+32695]
	chromedriver!GetHandleVerifier [0x7ff6fc6942bc+3b1cc]
	chromedriver!GetHandleVerifier [0x7ff6fc677f24+1ee34]
	chromedriver!GetHandleVerifier [0x7ff6fc6780b4+1efc4]
	chromedriver!GetHandleVerifier [0x7ff6fc65bf27+2e37]
	KERNEL32!BaseThreadInitThunk [0x7fff8edee957+17]
	ntdll!RtlUserThreadStart [0x7fff9002427c+2c]
</msg>
<arg>${BTN_CADASTRAR}</arg>
<doc>Clicks the button identified by ``locator``.</doc>
<status status="FAIL" start="2026-05-17T16:56:38.149885" elapsed="1.297846">ElementClickInterceptedException: Message: element click intercepted: Element is not clickable at point (921, 590)
  (Session info: chrome=148.0.7778.167); For documentation on this error, please visit: https://www.selenium.dev/documentation/webdriver/troubleshooting/errors#elementclickinterceptedexception
Stacktrace:
	chromedriver!GetHandleVerifier [0x7ff6fc941e35+2e8d45]
	chromedriver!GetHandleVerifier [0x7ff6fc66e6c0+155d0]
	chromedriver!(No symbol) [0x7ff6fc3bd57d]
	chromedriver!(No symbol) [0x7ff6fc41f205]
	chromedriver!(No symbol) [0x7ff6fc41ce1a]
	chromedriver!(No symbol) [0x7ff6fc41a167]
	chromedriver!(No symbol) [0x7ff6fc419017]
	chromedriver!(No symbol) [0x7ff6fc40bc46]
	chromedriver!(No symbol) [0x7ff6fc43fe6a]
	chromedriver!(No symbol) [0x7ff6fc40b4c6]
	chromedriver!(No symbol) [0x7ff6fc464c63]
	chromedriver!(No symbol) [0x7ff6fc409d58]
	chromedriver!(No symbol) [0x7ff6fc40ac43]
	chromedriver!GetHandleVerifier [0x7ff6fc96dab9+3149c9]
	chromedriver!GetHandleVerifier [0x7ff6fc96802b+30ef3b]
	chromedriver!GetHandleVerifier [0x7ff6fc98c872+333782]
	chromedriver!GetHandleVerifier [0x7ff6fc68b785+32695]
	chromedriver!GetHandleVerifier [0x7ff6fc6942bc+3b1cc]
	chromedriver!GetHandleVerifier [0x7ff6fc677f24+1ee34]
	chromedriver!GetHandleVerifier [0x7ff6fc6780b4+1efc4]
	chromedriver!GetHandleVerifier [0x7ff6fc65bf27+2e37]
	KERNEL32!BaseThreadInitThunk [0x7fff8edee957+17]
	ntdll!RtlUserThreadStart [0x7fff9002427c+2c]
</status>
</kw>
<kw name="Wait Until Element Is Visible" owner="SeleniumLibrary">
<arg>${MODAL_SUCESSO}</arg>
<arg>10s</arg>
<doc>Waits until the element ``locator`` is visible.</doc>
<status status="NOT RUN" start="2026-05-17T16:56:39.448629" elapsed="0.001494"/>
</kw>
<kw name="Element Should Contain" owner="SeleniumLibrary">
<arg>${MODAL_SUCESSO}</arg>
<arg>conta foi criada com sucesso</arg>
<doc>Verifies that element ``locator`` contains text ``expected``.</doc>
<status status="NOT RUN" start="2026-05-17T16:56:39.450811" elapsed="0.000309"/>
</kw>
<kw name="Sleep" owner="BuiltIn">
<arg>3s</arg>
<doc>Pauses the test executed for the given time.</doc>
<status status="NOT RUN" start="2026-05-17T16:56:39.451491" elapsed="0.000249"/>
</kw>
<kw name="Close Browser" owner="SeleniumLibrary">
<doc>Closes the current browser.</doc>
<status status="NOT RUN" start="2026-05-17T16:56:39.453599" elapsed="0.000233"/>
</kw>
<status status="FAIL" start="2026-05-17T16:56:34.411763" elapsed="5.042647">ElementClickInterceptedException: Message: element click intercepted: Element is not clickable at point (921, 590)
  (Session info: chrome=148.0.7778.167); For documentation on this error, please visit: https://www.selenium.dev/documentation/webdriver/troubleshooting/errors#elementclickinterceptedexception
Stacktrace:
	chromedriver!GetHandleVerifier [0x7ff6fc941e35+2e8d45]
	chromedriver!GetHandleVerifier [0x7ff6fc66e6c0+155d0]
	chromedriver!(No symbol) [0x7ff6fc3bd57d]
	chromedriver!(No symbol) [0x7ff6fc41f205]
	chromedriver!(No symbol) [0x7ff6fc41ce1a]
	chromedriver!(No symbol) [0x7ff6fc41a167]
	chromedriver!(No symbol) [0x7ff6fc419017]
	chromedriver!(No symbol) [0x7ff6fc40bc46]
	chromedriver!(No symbol) [0x7ff6fc43fe6a]
	chromedriver!(No symbol) [0x7ff6fc40b4c6]
	chromedriver!(No symbol) [0x7ff6fc464c63]
	chromedriver!(No symbol) [0x7ff6fc409d58]
	chromedriver!(No symbol) [0x7ff6fc40ac43]
	chromedriver!GetHandleVerifier [0x7ff6fc96dab9+3149c9]
	chromedriver!GetHandleVerifier [0x7ff6fc96802b+30ef3b]
	chromedriver!GetHandleVerifier [0x7ff6fc98c872+333782]
	chromedriver!GetHandleVerifier [0x7ff6fc68b785+32695]
	chromedriver!GetHandleVerifier [0x7ff6fc6942bc+3b1cc]
	chromedriver!GetHandleVerifier [0x7ff6fc677f24+1ee34]
	chromedriver!GetHandleVerifier [0x7ff6fc6780b4+1efc4]
	chromedriver!GetHandleVerifier [0x7ff6fc65bf27+2e37]
	KERNEL32!BaseThreadInitThunk [0x7fff8edee957+17]
	ntdll!RtlUserThreadStart [0x7fff9002427c+2c]
</status>
</test>
<status status="FAIL" start="2026-05-17T16:56:34.141556" elapsed="5.322425"/>
</suite>
<status status="FAIL" start="2026-05-17T16:56:34.120125" elapsed="5.352120"/>
</suite>
<status status="FAIL" start="2026-05-17T16:56:34.075945" elapsed="5.402315"/>
</suite>
<statistics>
<total>
<stat pass="0" fail="1" skip="0">All Tests</stat>
</total>
<tag>
</tag>
<suite>
<stat name="Bug Bank Robot Python" id="s1" pass="0" fail="1" skip="0">Bug Bank Robot Python</stat>
<stat name="Tests" id="s1-s1" pass="0" fail="1" skip="0">Bug Bank Robot Python.Tests</stat>
<stat name="Cadastro" id="s1-s1-s1" pass="0" fail="1" skip="0">Bug Bank Robot Python.Tests.Cadastro</stat>
</suite>
</statistics>
<errors>
</errors>
</robot>
